This file contains any messages produced by compilers while
running configure, to aid debugging if configure makes a mistake.

It was created by configure, which was
generated by GNU Autoconf 2.59.  Invocation command line was

  $ ./configure 

## --------- ##
## Platform. ##
## --------- ##

hostname = legs.cfa.harvard.edu
uname -m = i686
uname -r = 2.6.17-14mdv
uname -s = Linux
uname -v = #1 SMP Wed May 9 15:59:41 MDT 2007

/usr/bin/uname -p = unknown
/bin/uname -X     = unknown

/bin/arch              = i686
/usr/bin/arch -k       = unknown
/usr/convex/getsysinfo = unknown
hostinfo               = unknown
/bin/machine           = unknown
/usr/bin/oslevel       = unknown
/bin/universe          = unknown

PATH: /usr/local/bin
PATH: /bin
PATH: /usr/bin
PATH: /usr/X11R6/bin
PATH: /usr/games
PATH: /usr/lib/qt3//bin
PATH: /home/rpete/bin


## ----------- ##
## Core tests. ##
## ----------- ##

configure:1545: checking for a BSD-compatible install
configure:1600: result: /usr/bin/install -c
configure:1611: checking whether build environment is sane
configure:1654: result: yes
configure:1687: checking for gawk
configure:1703: found /bin/gawk
configure:1713: result: gawk
configure:1723: checking whether make sets $(MAKE)
configure:1743: result: yes
configure:1945: checking for gcc
configure:1961: found /usr/bin/gcc
configure:1971: result: gcc
configure:2215: checking for C compiler version
configure:2218: gcc --version </dev/null >&5
gcc-4.1.1 (GCC) 4.1.1 20060724 (prerelease) (4.1.1-3mdk)
Copyright (C) 2006 Free Software Foundation, Inc.
This is free software; see the source for copying conditions.  There is NO
warranty; not even for MERCHANTABILITY or FITNESS FOR A PARTICULAR PURPOSE.

configure:2221: $? = 0
configure:2223: gcc -v </dev/null >&5
Using built-in specs.
Target: i586-mandriva-linux-gnu
Configured with: ../configure --prefix=/usr --libexecdir=/usr/lib --with-slibdir=/lib --mandir=/usr/share/man --infodir=/usr/share/info --enable-shared --enable-threads=posix --enable-checking=release --enable-languages=c,c++,ada,fortran,objc,obj-c++,java --host=i586-mandriva-linux-gnu --with-cpu=generic --with-system-zlib --enable-long-long --enable-__cxa_atexit --enable-clocale=gnu --disable-libunwind-exceptions --enable-java-awt=gtk --with-java-home=/usr/lib/jvm/java-1.4.2-gcj-1.4.2.0/jre --enable-gtk-cairo --enable-ssp --disable-libssp
Thread model: posix
gcc version 4.1.1 20060724 (prerelease) (4.1.1-3mdk)
configure:2226: $? = 0
configure:2228: gcc -V </dev/null >&5
gcc-4.1.1: '-V' option must have argument
configure:2231: $? = 1
configure:2254: checking for C compiler default output file name
configure:2257: gcc    conftest.c  >&5
configure:2260: $? = 0
configure:2306: result: a.out
configure:2311: checking whether the C compiler works
configure:2317: ./a.out
configure:2320: $? = 0
configure:2337: result: yes
configure:2344: checking whether we are cross compiling
configure:2346: result: no
configure:2349: checking for suffix of executables
configure:2351: gcc -o conftest    conftest.c  >&5
configure:2354: $? = 0
configure:2379: result: 
configure:2385: checking for suffix of object files
configure:2406: gcc -c   conftest.c >&5
configure:2409: $? = 0
configure:2431: result: o
configure:2435: checking whether we are using the GNU C compiler
configure:2459: gcc -c   conftest.c >&5
configure:2465: $? = 0
configure:2469: test -z 
			 || test ! -s conftest.err
configure:2472: $? = 0
configure:2475: test -s conftest.o
configure:2478: $? = 0
configure:2491: result: yes
configure:2497: checking whether gcc accepts -g
configure:2518: gcc -c -g  conftest.c >&5
configure:2524: $? = 0
configure:2528: test -z 
			 || test ! -s conftest.err
configure:2531: $? = 0
configure:2534: test -s conftest.o
configure:2537: $? = 0
configure:2548: result: yes
configure:2565: checking for gcc option to accept ANSI C
configure:2635: gcc  -c -g -O2  conftest.c >&5
configure:2641: $? = 0
configure:2645: test -z 
			 || test ! -s conftest.err
configure:2648: $? = 0
configure:2651: test -s conftest.o
configure:2654: $? = 0
configure:2672: result: none needed
configure:2690: gcc -c -g -O2  conftest.c >&5
conftest.c:2: error: expected '=', ',', ';', 'asm' or '__attribute__' before 'me'
configure:2696: $? = 1
configure: failed program was:
| #ifndef __cplusplus
|   choke me
| #endif
configure:2840: checking for style of include used by make
configure:2868: result: GNU
configure:2896: checking dependency style of gcc
configure:2979: result: gcc3
configure:3048: checking for g++
configure:3064: found /usr/bin/g++
configure:3074: result: g++
configure:3090: checking for C++ compiler version
configure:3093: g++ --version </dev/null >&5
g++-4.1.1 (GCC) 4.1.1 20060724 (prerelease) (4.1.1-3mdk)
Copyright (C) 2006 Free Software Foundation, Inc.
This is free software; see the source for copying conditions.  There is NO
warranty; not even for MERCHANTABILITY or FITNESS FOR A PARTICULAR PURPOSE.

configure:3096: $? = 0
configure:3098: g++ -v </dev/null >&5
Using built-in specs.
Target: i586-mandriva-linux-gnu
Configured with: ../configure --prefix=/usr --libexecdir=/usr/lib --with-slibdir=/lib --mandir=/usr/share/man --infodir=/usr/share/info --enable-shared --enable-threads=posix --enable-checking=release --enable-languages=c,c++,ada,fortran,objc,obj-c++,java --host=i586-mandriva-linux-gnu --with-cpu=generic --with-system-zlib --enable-long-long --enable-__cxa_atexit --enable-clocale=gnu --disable-libunwind-exceptions --enable-java-awt=gtk --with-java-home=/usr/lib/jvm/java-1.4.2-gcj-1.4.2.0/jre --enable-gtk-cairo --enable-ssp --disable-libssp
Thread model: posix
gcc version 4.1.1 20060724 (prerelease) (4.1.1-3mdk)
configure:3101: $? = 0
configure:3103: g++ -V </dev/null >&5
g++-4.1.1: '-V' option must have argument
configure:3106: $? = 1
configure:3109: checking whether we are using the GNU C++ compiler
configure:3133: g++ -c   conftest.cc >&5
configure:3139: $? = 0
configure:3143: test -z 
			 || test ! -s conftest.err
configure:3146: $? = 0
configure:3149: test -s conftest.o
configure:3152: $? = 0
configure:3165: result: yes
configure:3171: checking whether g++ accepts -g
configure:3192: g++ -c -g  conftest.cc >&5
configure:3198: $? = 0
configure:3202: test -z 
			 || test ! -s conftest.err
configure:3205: $? = 0
configure:3208: test -s conftest.o
configure:3211: $? = 0
configure:3222: result: yes
configure:3264: g++ -c -g -O2  conftest.cc >&5
configure:3270: $? = 0
configure:3274: test -z 
			 || test ! -s conftest.err
configure:3277: $? = 0
configure:3280: test -s conftest.o
configure:3283: $? = 0
configure:3309: g++ -c -g -O2  conftest.cc >&5
conftest.cc: In function 'int main()':
conftest.cc:13: error: 'exit' was not declared in this scope
configure:3315: $? = 1
configure: failed program was:
| /* confdefs.h.  */
| 
| #define PACKAGE_NAME ""
| #define PACKAGE_TARNAME ""
| #define PACKAGE_VERSION ""
| #define PACKAGE_STRING ""
| #define PACKAGE_BUGREPORT ""
| /* end confdefs.h.  */
| 
| int
| main ()
| {
| exit (42);
|   ;
|   return 0;
| }
configure:3264: g++ -c -g -O2  conftest.cc >&5
configure:3270: $? = 0
configure:3274: test -z 
			 || test ! -s conftest.err
configure:3277: $? = 0
configure:3280: test -s conftest.o
configure:3283: $? = 0
configure:3309: g++ -c -g -O2  conftest.cc >&5
configure:3315: $? = 0
configure:3319: test -z 
			 || test ! -s conftest.err
configure:3322: $? = 0
configure:3325: test -s conftest.o
configure:3328: $? = 0
configure:3353: checking dependency style of g++
configure:3436: result: gcc3
configure:3525: checking build system type
configure:3543: result: i686-pc-linux-gnu
configure:3551: checking host system type
configure:3565: result: i686-pc-linux-gnu
configure:3595: checking for ld used by GCC
configure:3658: result: /usr/bin/ld
configure:3667: checking if the linker (/usr/bin/ld) is GNU ld
GNU ld version 2.16.91.0.7 20060317
configure:3679: result: yes
configure:3684: checking for /usr/bin/ld option to reload object files
configure:3691: result: -r
configure:3696: checking for BSD-compatible nm
configure:3732: result: /usr/bin/nm -B
configure:3735: checking for a sed that does not truncate output
configure:3817: result: /bin/sed
configure:3820: checking whether ln -s works
configure:3824: result: yes
configure:3831: checking how to recognise dependent libraries
configure:4012: result: pass_all
configure:4025: checking command to parse /usr/bin/nm -B output
configure:4109: gcc -c -g -O2  conftest.c >&5
configure:4112: $? = 0
configure:4116: /usr/bin/nm -B conftest.o \| sed -n -e 's/^.*[ 	]\([ABCDGISTW][ABCDGISTW]*\)[ 	][ 	]*\(\)\([_A-Za-z][_A-Za-z0-9]*\)$/\1 \2\3 \3/p' \> conftest.nm
configure:4119: $? = 0
configure:4171: gcc -o conftest -g -O2   conftest.c conftstm.o >&5
configure:4174: $? = 0
configure:4218: result: ok
configure:4227: checking how to run the C preprocessor
configure:4262: gcc -E  conftest.c
configure:4268: $? = 0
configure:4300: gcc -E  conftest.c
conftest.c:12:28: error: ac_nonexistent.h: No such file or directory
configure:4306: $? = 1
configure: failed program was:
| /* confdefs.h.  */
| 
| #define PACKAGE_NAME ""
| #define PACKAGE_TARNAME ""
| #define PACKAGE_VERSION ""
| #define PACKAGE_STRING ""
| #define PACKAGE_BUGREPORT ""
| #ifdef __cplusplus
| extern "C" void std::exit (int) throw (); using std::exit;
| #endif
| /* end confdefs.h.  */
| #include <ac_nonexistent.h>
configure:4345: result: gcc -E
configure:4369: gcc -E  conftest.c
configure:4375: $? = 0
configure:4407: gcc -E  conftest.c
conftest.c:12:28: error: ac_nonexistent.h: No such file or directory
configure:4413: $? = 1
configure: failed program was:
| /* confdefs.h.  */
| 
| #define PACKAGE_NAME ""
| #define PACKAGE_TARNAME ""
| #define PACKAGE_VERSION ""
| #define PACKAGE_STRING ""
| #define PACKAGE_BUGREPORT ""
| #ifdef __cplusplus
| extern "C" void std::exit (int) throw (); using std::exit;
| #endif
| /* end confdefs.h.  */
| #include <ac_nonexistent.h>
configure:4457: checking for egrep
configure:4467: result: grep -E
configure:4472: checking for ANSI C header files
configure:4497: gcc -c -g -O2  conftest.c >&5
configure:4503: $? = 0
configure:4507: test -z 
			 || test ! -s conftest.err
configure:4510: $? = 0
configure:4513: test -s conftest.o
configure:4516: $? = 0
configure:4605: gcc -o conftest -g -O2   conftest.c  >&5
conftest.c: In function 'main':
conftest.c:29: warning: incompatible implicit declaration of built-in function 'exit'
configure:4608: $? = 0
configure:4610: ./conftest
configure:4613: $? = 0
configure:4628: result: yes
configure:4652: checking for sys/types.h
configure:4668: gcc -c -g -O2  conftest.c >&5
configure:4674: $? = 0
configure:4678: test -z 
			 || test ! -s conftest.err
configure:4681: $? = 0
configure:4684: test -s conftest.o
configure:4687: $? = 0
configure:4698: result: yes
configure:4652: checking for sys/stat.h
configure:4668: gcc -c -g -O2  conftest.c >&5
configure:4674: $? = 0
configure:4678: test -z 
			 || test ! -s conftest.err
configure:4681: $? = 0
configure:4684: test -s conftest.o
configure:4687: $? = 0
configure:4698: result: yes
configure:4652: checking for stdlib.h
configure:4668: gcc -c -g -O2  conftest.c >&5
configure:4674: $? = 0
configure:4678: test -z 
			 || test ! -s conftest.err
configure:4681: $? = 0
configure:4684: test -s conftest.o
configure:4687: $? = 0
configure:4698: result: yes
configure:4652: checking for string.h
configure:4668: gcc -c -g -O2  conftest.c >&5
configure:4674: $? = 0
configure:4678: test -z 
			 || test ! -s conftest.err
configure:4681: $? = 0
configure:4684: test -s conftest.o
configure:4687: $? = 0
configure:4698: result: yes
configure:4652: checking for memory.h
configure:4668: gcc -c -g -O2  conftest.c >&5
configure:4674: $? = 0
configure:4678: test -z 
			 || test ! -s conftest.err
configure:4681: $? = 0
configure:4684: test -s conftest.o
configure:4687: $? = 0
configure:4698: result: yes
configure:4652: checking for strings.h
configure:4668: gcc -c -g -O2  conftest.c >&5
configure:4674: $? = 0
configure:4678: test -z 
			 || test ! -s conftest.err
configure:4681: $? = 0
configure:4684: test -s conftest.o
configure:4687: $? = 0
configure:4698: result: yes
configure:4652: checking for inttypes.h
configure:4668: gcc -c -g -O2  conftest.c >&5
configure:4674: $? = 0
configure:4678: test -z 
			 || test ! -s conftest.err
configure:4681: $? = 0
configure:4684: test -s conftest.o
configure:4687: $? = 0
configure:4698: result: yes
configure:4652: checking for stdint.h
configure:4668: gcc -c -g -O2  conftest.c >&5
configure:4674: $? = 0
configure:4678: test -z 
			 || test ! -s conftest.err
configure:4681: $? = 0
configure:4684: test -s conftest.o
configure:4687: $? = 0
configure:4698: result: yes
configure:4652: checking for unistd.h
configure:4668: gcc -c -g -O2  conftest.c >&5
configure:4674: $? = 0
configure:4678: test -z 
			 || test ! -s conftest.err
configure:4681: $? = 0
configure:4684: test -s conftest.o
configure:4687: $? = 0
configure:4698: result: yes
configure:4724: checking dlfcn.h usability
configure:4736: gcc -c -g -O2  conftest.c >&5
configure:4742: $? = 0
configure:4746: test -z 
			 || test ! -s conftest.err
configure:4749: $? = 0
configure:4752: test -s conftest.o
configure:4755: $? = 0
configure:4765: result: yes
configure:4769: checking dlfcn.h presence
configure:4779: gcc -E  conftest.c
configure:4785: $? = 0
configure:4805: result: yes
configure:4840: checking for dlfcn.h
configure:4847: result: yes
configure:5045: checking for ranlib
configure:5061: found /usr/bin/ranlib
configure:5072: result: ranlib
configure:5125: checking for strip
configure:5141: found /usr/bin/strip
configure:5152: result: strip
configure:5205: gcc -c -g -O2  conftest.c >&5
configure:5208: $? = 0
configure:5390: checking for objdir
configure:5401: result: .libs
configure:5418: checking for gcc option to produce PIC
configure:5564: result: -fPIC
configure:5568: checking if gcc PIC flag -fPIC works
configure:5591: gcc -c -g -O2 -fPIC -DPIC  conftest.c >&5
configure:5597: $? = 0
configure:5601: test -z 
			 || test ! -s conftest.err
configure:5604: $? = 0
configure:5607: test -s conftest.o
configure:5610: $? = 0
configure:5648: result: yes
configure:5664: checking if gcc static flag -static works
configure:5688: gcc -o conftest -g -O2   -static conftest.c  >&5
/usr/bin/ld: cannot find -lc
collect2: ld returned 1 exit status
configure:5694: $? = 1
configure: failed program was:
| /* confdefs.h.  */
| 
| #define PACKAGE_NAME ""
| #define PACKAGE_TARNAME ""
| #define PACKAGE_VERSION ""
| #define PACKAGE_STRING ""
| #define PACKAGE_BUGREPORT ""
| #ifdef __cplusplus
| extern "C" void std::exit (int) throw (); using std::exit;
| #endif
| #define STDC_HEADERS 1
| #define HAVE_SYS_TYPES_H 1
| #define HAVE_SYS_STAT_H 1
| #define HAVE_STDLIB_H 1
| #define HAVE_STRING_H 1
| #define HAVE_MEMORY_H 1
| #define HAVE_STRINGS_H 1
| #define HAVE_INTTYPES_H 1
| #define HAVE_STDINT_H 1
| #define HAVE_UNISTD_H 1
| #define HAVE_DLFCN_H 1
| /* end confdefs.h.  */
| 
| int
| main ()
| {
| 
|   ;
|   return 0;
| }
configure:5724: result: no
configure:5736: checking if gcc supports -c -o file.o
configure:5756: gcc -c -g -O2 -o out/conftest2.o  conftest.c >&5
configure:5780: result: yes
configure:5785: checking if gcc supports -c -o file.lo
configure:5812: gcc -c -g -O2 -c -o conftest.lo  conftest.c >&5
configure:5818: $? = 0
configure:5822: test -z 
			 || test ! -s conftest.err
configure:5825: $? = 0
configure:5828: test -s conftest.lo
configure:5831: $? = 0
configure:5853: result: yes
configure:5884: checking if gcc supports -fno-rtti -fno-exceptions
configure:5906: gcc -c -g -O2 -fno-rtti -fno-exceptions -c conftest.c  conftest.c >&5
cc1: warning: command line option "-fno-rtti" is valid for C++/ObjC++ but not for C
cc1: warning: command line option "-fno-rtti" is valid for C++/ObjC++ but not for C
configure:5912: $? = 0
configure:5916: test -z 
			 || test ! -s conftest.err
configure:5919: $? = 0
configure:5922: test -s conftest.o
configure:5925: $? = 0
configure:5942: result: no
configure:5953: checking whether the linker (/usr/bin/ld) supports shared libraries
configure:6648: result: yes
configure:6653: checking how to hardcode library paths into programs
configure:6677: result: immediate
configure:6682: checking whether stripping libraries is possible
configure:6687: result: yes
configure:6698: checking dynamic linker characteristics
configure:7112: result: GNU/Linux ld.so
configure:7117: checking if libtool supports shared libraries
configure:7119: result: yes
configure:7122: checking whether to build shared libraries
configure:7143: result: yes
configure:7146: checking whether to build static libraries
configure:7150: result: yes
configure:7900: checking whether -lc should be explicitly linked in
configure:7908: gcc -c -g -O2  conftest.c >&5
configure:7911: $? = 0
configure:7925: gcc -shared conftest.o  -v -Wl,-soname -Wl,conftest -o conftest 2\>\&1 \| grep  -lc  \>/dev/null 2\>\&1
configure:7928: $? = 0
configure:7941: result: no
configure:8514: checking whether build environment is sane
configure:8557: result: yes
configure:8568: checking whether byte ordering is bigendian
configure:8595: g++ -c -g -O2  conftest.cc >&5
configure:8601: $? = 0
configure:8605: test -z 
			 || test ! -s conftest.err
configure:8608: $? = 0
configure:8611: test -s conftest.o
configure:8614: $? = 0
configure:8638: g++ -c -g -O2  conftest.cc >&5
conftest.cc: In function 'int main()':
conftest.cc:30: error: 'big' was not declared in this scope
conftest.cc:30: error: expected `;' before 'endian'
configure:8644: $? = 1
configure: failed program was:
| /* confdefs.h.  */
| 
| #define PACKAGE_NAME ""
| #define PACKAGE_TARNAME ""
| #define PACKAGE_VERSION ""
| #define PACKAGE_STRING ""
| #define PACKAGE_BUGREPORT ""
| #ifdef __cplusplus
| extern "C" void std::exit (int) throw (); using std::exit;
| #endif
| #define STDC_HEADERS 1
| #define HAVE_SYS_TYPES_H 1
| #define HAVE_SYS_STAT_H 1
| #define HAVE_STDLIB_H 1
| #define HAVE_STRING_H 1
| #define HAVE_MEMORY_H 1
| #define HAVE_STRINGS_H 1
| #define HAVE_INTTYPES_H 1
| #define HAVE_STDINT_H 1
| #define HAVE_UNISTD_H 1
| #define HAVE_DLFCN_H 1
| /* end confdefs.h.  */
| #include <sys/types.h>
| #include <sys/param.h>
| 
| int
| main ()
| {
| #if BYTE_ORDER != BIG_ENDIAN
|  not big endian
| #endif
| 
|   ;
|   return 0;
| }
configure:8779: result: no
configure:8800: checking for short
configure:8824: g++ -c -g -O2  conftest.cc >&5
configure:8830: $? = 0
configure:8834: test -z 
			 || test ! -s conftest.err
configure:8837: $? = 0
configure:8840: test -s conftest.o
configure:8843: $? = 0
configure:8854: result: yes
configure:8857: checking size of short
configure:9176: g++ -o conftest -g -O2   conftest.cc  >&5
configure:9179: $? = 0
configure:9181: ./conftest
configure:9184: $? = 0
configure:9207: result: 2
configure:9214: checking for int
configure:9238: g++ -c -g -O2  conftest.cc >&5
configure:9244: $? = 0
configure:9248: test -z 
			 || test ! -s conftest.err
configure:9251: $? = 0
configure:9254: test -s conftest.o
configure:9257: $? = 0
configure:9268: result: yes
configure:9271: checking size of int
configure:9590: g++ -o conftest -g -O2   conftest.cc  >&5
configure:9593: $? = 0
configure:9595: ./conftest
configure:9598: $? = 0
configure:9621: result: 4
configure:9628: checking for long
configure:9652: g++ -c -g -O2  conftest.cc >&5
configure:9658: $? = 0
configure:9662: test -z 
			 || test ! -s conftest.err
configure:9665: $? = 0
configure:9668: test -s conftest.o
configure:9671: $? = 0
configure:9682: result: yes
configure:9685: checking size of long
configure:10004: g++ -o conftest -g -O2   conftest.cc  >&5
configure:10007: $? = 0
configure:10009: ./conftest
configure:10012: $? = 0
configure:10035: result: 4
configure:10042: checking for long long
configure:10066: g++ -c -g -O2  conftest.cc >&5
configure:10072: $? = 0
configure:10076: test -z 
			 || test ! -s conftest.err
configure:10079: $? = 0
configure:10082: test -s conftest.o
configure:10085: $? = 0
configure:10096: result: yes
configure:10099: checking size of long long
configure:10418: g++ -o conftest -g -O2   conftest.cc  >&5
configure:10421: $? = 0
configure:10423: ./conftest
configure:10426: $? = 0
configure:10449: result: 8
configure:10542: checking for Sybase support
configure:10634: result: no
configure:10770: creating ./config.status

## ---------------------- ##
## Running config.status. ##
## ---------------------- ##

This file was extended by config.status, which was
generated by GNU Autoconf 2.59.  Invocation command line was

  CONFIG_FILES    = 
  CONFIG_HEADERS  = 
  CONFIG_LINKS    = 
  CONFIG_COMMANDS = 
  $ ./config.status 

on legs.cfa.harvard.edu

config.status:724: creating Makefile
config.status:724: creating cpputil.pc
config.status:724: creating cpputil/types.hh
config.status:724: creating cpputil/Makefile
config.status:724: creating examples/Makefile
config.status:724: creating test/Makefile
config.status:828: creating config.h
config.status:1120: executing depfiles commands

## ---------------- ##
## Cache variables. ##
## ---------------- ##

ac_cv_build=i686-pc-linux-gnu
ac_cv_build_alias=i686-pc-linux-gnu
ac_cv_c_bigendian=no
ac_cv_c_compiler_gnu=yes
ac_cv_cxx_compiler_gnu=yes
ac_cv_env_CC_set=
ac_cv_env_CC_value=
ac_cv_env_CFLAGS_set=
ac_cv_env_CFLAGS_value=
ac_cv_env_CPPFLAGS_set=
ac_cv_env_CPPFLAGS_value=
ac_cv_env_CPP_set=
ac_cv_env_CPP_value=
ac_cv_env_CXXFLAGS_set=
ac_cv_env_CXXFLAGS_value=
ac_cv_env_CXX_set=
ac_cv_env_CXX_value=
ac_cv_env_LDFLAGS_set=
ac_cv_env_LDFLAGS_value=
ac_cv_env_build_alias_set=
ac_cv_env_build_alias_value=
ac_cv_env_host_alias_set=
ac_cv_env_host_alias_value=
ac_cv_env_target_alias_set=
ac_cv_env_target_alias_value=
ac_cv_exeext=
ac_cv_header_dlfcn_h=yes
ac_cv_header_inttypes_h=yes
ac_cv_header_memory_h=yes
ac_cv_header_stdc=yes
ac_cv_header_stdint_h=yes
ac_cv_header_stdlib_h=yes
ac_cv_header_string_h=yes
ac_cv_header_strings_h=yes
ac_cv_header_sys_stat_h=yes
ac_cv_header_sys_types_h=yes
ac_cv_header_unistd_h=yes
ac_cv_host=i686-pc-linux-gnu
ac_cv_host_alias=i686-pc-linux-gnu
ac_cv_objext=o
ac_cv_path_install='/usr/bin/install -c'
ac_cv_prog_AWK=gawk
ac_cv_prog_CPP='gcc -E'
ac_cv_prog_ac_ct_CC=gcc
ac_cv_prog_ac_ct_CXX=g++
ac_cv_prog_ac_ct_RANLIB=ranlib
ac_cv_prog_ac_ct_STRIP=strip
ac_cv_prog_cc_g=yes
ac_cv_prog_cc_stdc=
ac_cv_prog_cxx_g=yes
ac_cv_prog_egrep='grep -E'
ac_cv_prog_make_make_set=yes
ac_cv_sizeof_int=4
ac_cv_sizeof_long=4
ac_cv_sizeof_long_long=8
ac_cv_sizeof_short=2
ac_cv_type_int=yes
ac_cv_type_long=yes
ac_cv_type_long_long=yes
ac_cv_type_short=yes
am_cv_CC_dependencies_compiler_type=gcc3
am_cv_CXX_dependencies_compiler_type=gcc3
lt_cv_archive_cmds_need_lc=no
lt_cv_cc_64bit_output=no
lt_cv_compiler_c_o=yes
lt_cv_compiler_o_lo=yes
lt_cv_deplibs_check_method=pass_all
lt_cv_file_magic_cmd='$MAGIC_CMD'
lt_cv_file_magic_test_file='/lib/libc.so.6 /lib/libc-2.4.so'
lt_cv_global_symbol_to_c_name_address='sed -n -e '\''s/^: \([^ ]*\) $/  {\"\1\", (lt_ptr) 0},/p'\'' -e '\''s/^[BCDEGRST] \([^ ]*\) \([^ ]*\)$/  {"\2", (lt_ptr) \&\2},/p'\'''
lt_cv_global_symbol_to_cdecl='sed -n -e '\''s/^. .* \(.*\)$/extern char \1;/p'\'''
lt_cv_ld_reload_flag=-r
lt_cv_path_LD=/usr/bin/ld
lt_cv_path_NM='/usr/bin/nm -B'
lt_cv_path_SED=/bin/sed
lt_cv_prog_cc_can_build_shared=yes
lt_cv_prog_cc_no_builtin=
lt_cv_prog_cc_pic=' -fPIC'
lt_cv_prog_cc_pic_works=yes
lt_cv_prog_cc_shlib=
lt_cv_prog_cc_static=
lt_cv_prog_cc_static_works=no
lt_cv_prog_cc_wl=-Wl,
lt_cv_prog_gnu_ld=yes
lt_cv_sys_global_symbol_pipe='sed -n -e '\''s/^.*[ 	]\([ABCDGISTW][ABCDGISTW]*\)[ 	][ 	]*\(\)\([_A-Za-z][_A-Za-z0-9]*\)$/\1 \2\3 \3/p'\'''

## ----------------- ##
## Output variables. ##
## ----------------- ##

ACLOCAL='${SHELL} /home/rpete/util/config/missing --run aclocal-1.7'
AMDEPBACKSLASH='\'
AMDEP_FALSE='#'
AMDEP_TRUE=''
AMTAR='${SHELL} /home/rpete/util/config/missing --run tar'
AUTOCONF='${SHELL} /home/rpete/util/config/missing --run autoconf'
AUTOHEADER='${SHELL} /home/rpete/util/config/missing --run autoheader'
AUTOMAKE='${SHELL} /home/rpete/util/config/missing --run automake-1.7'
AWK='gawk'
CC='gcc'
CCDEPMODE='depmode=gcc3'
CFLAGS='-g -O2'
CPP='gcc -E'
CPPFLAGS=''
CXX='g++'
CXXDEPMODE='depmode=gcc3'
CXXFLAGS='-g -O2'
CYGPATH_W='echo'
DEFS='-DHAVE_CONFIG_H'
DEPDIR='.deps'
ECHO='echo'
ECHO_C=''
ECHO_N='-n'
ECHO_T=''
EGREP='grep -E'
EXEEXT=''
HAVE_SYBASE_FALSE=''
HAVE_SYBASE_TRUE='#'
INSTALL_DATA='${INSTALL} -m 644'
INSTALL_PROGRAM='${INSTALL}'
INSTALL_SCRIPT='${INSTALL}'
INSTALL_STRIP_PROGRAM='${SHELL} $(install_sh) -c -s'
INT16='short'
INT32='int'
INT64='long long'
LDFLAGS=''
LIBOBJS=''
LIBRARY_NAME='cpputil'
LIBRARY_VERSION='0:1:0'
LIBS=''
LIBTOOL='$(SHELL) $(top_builddir)/libtool'
LN_S='ln -s'
LTLIBOBJS=''
MAKEINFO='${SHELL} /home/rpete/util/config/missing --run makeinfo'
OBJEXT='o'
PACKAGE='cpputil'
PACKAGE_BUGREPORT=''
PACKAGE_NAME=''
PACKAGE_STRING=''
PACKAGE_TARNAME=''
PACKAGE_VERSION=''
PATH_SEPARATOR=':'
RANLIB='ranlib'
RELEASE='0.1'
SET_MAKE=''
SHELL='/bin/sh'
STRIP='strip'
SYBASE_INCLUDE=''
SYBASE_LDFLAGS=''
SYBASE_LIBS=''
UINT16='unsigned short'
UINT32='unsigned int'
UINT64='unsigned long long'
VERSION='0.1.0'
ac_ct_CC='gcc'
ac_ct_CXX='g++'
ac_ct_RANLIB='ranlib'
ac_ct_STRIP='strip'
am__fastdepCC_FALSE='#'
am__fastdepCC_TRUE=''
am__fastdepCXX_FALSE='#'
am__fastdepCXX_TRUE=''
am__include='include'
am__leading_dot='.'
am__quote=''
bindir='${exec_prefix}/bin'
build='i686-pc-linux-gnu'
build_alias=''
build_cpu='i686'
build_os='linux-gnu'
build_vendor='pc'
datadir='${prefix}/share'
exec_prefix='${prefix}'
host='i686-pc-linux-gnu'
host_alias=''
host_cpu='i686'
host_os='linux-gnu'
host_vendor='pc'
includedir='${prefix}/include'
infodir='${prefix}/info'
install_sh='/home/rpete/util/config/install-sh'
libdir='${exec_prefix}/lib'
libexecdir='${exec_prefix}/libexec'
localstatedir='${prefix}/var'
mandir='${prefix}/man'
oldincludedir='/usr/include'
prefix='/usr/local'
program_transform_name='s,x,x,'
sbindir='${exec_prefix}/sbin'
sharedstatedir='${prefix}/com'
sysconfdir='${prefix}/etc'
target_alias=''

## ----------- ##
## confdefs.h. ##
## ----------- ##

#define HAVE_DLFCN_H 1
#define HAVE_INTTYPES_H 1
#define HAVE_MEMORY_H 1
#define HAVE_STDINT_H 1
#define HAVE_STDLIB_H 1
#define HAVE_STRINGS_H 1
#define HAVE_STRING_H 1
#define HAVE_SYS_STAT_H 1
#define HAVE_SYS_TYPES_H 1
#define HAVE_UNISTD_H 1
#define PACKAGE_BUGREPORT ""
#define PACKAGE_NAME ""
#define PACKAGE_STRING ""
#define PACKAGE_TARNAME ""
#define PACKAGE_VERSION ""
#define SIZEOF_INT 4
#define SIZEOF_LONG 4
#define SIZEOF_LONG_LONG 8
#define SIZEOF_SHORT 2
#define STDC_HEADERS 1
#endif
#ifdef __cplusplus
extern "C" void std::exit (int) throw (); using std::exit;

configure: exit 0
